c:\users\vagner\documents\visual studio 2015\projects\gameavatar\gameavatar\debug\vc140.pdb
c:\users\vagner\documents\visual studio 2015\projects\gameavatar\gameavatar\debug\vc140.idb
c:\users\vagner\documents\visual studio 2015\projects\gameavatar\gameavatar\debug\cresourcesloader.obj
c:\users\vagner\documents\visual studio 2015\projects\gameavatar\gameavatar\debug\list.obj
c:\users\vagner\documents\visual studio 2015\projects\gameavatar\gameavatar\debug\objloader.obj
c:\users\vagner\documents\visual studio 2015\projects\gameavatar\gameavatar\debug\obj_parser.obj
c:\users\vagner\documents\visual studio 2015\projects\gameavatar\gameavatar\debug\string_extra.obj
c:\users\vagner\documents\visual studio 2015\projects\gameavatar\gameavatar\debug\cgamecontroller.obj
c:\users\vagner\documents\visual studio 2015\projects\gameavatar\gameavatar\debug\gameavatar.obj
c:\users\vagner\documents\visual studio 2015\projects\gameavatar\gameavatar\debug\ccontrollermenu.obj
c:\users\vagner\documents\visual studio 2015\projects\gameavatar\gameavatar\debug\cengine.obj
c:\users\vagner\documents\visual studio 2015\projects\gameavatar\gameavatar\debug\ceventmanager.obj
c:\users\vagner\documents\visual studio 2015\projects\gameavatar\gameavatar\debug\ceventmenu.obj
c:\users\vagner\documents\visual studio 2015\projects\gameavatar\gameavatar\debug\cgamecockpit.obj
c:\users\vagner\documents\visual studio 2015\projects\gameavatar\gameavatar\debug\ccommandloginclassmenu.obj
c:\users\vagner\documents\visual studio 2015\projects\gameavatar\gameavatar\debug\ccommandlogingendermenu.obj
c:\users\vagner\documents\visual studio 2015\projects\gameavatar\gameavatar\debug\ccommandloginmenu.obj
c:\users\vagner\documents\visual studio 2015\projects\gameavatar\gameavatar\debug\ccommandloginracemenu.obj
c:\users\vagner\documents\visual studio 2015\projects\gameavatar\gameavatar\debug\ccommandloginusername.obj
c:\users\vagner\documents\visual studio 2015\projects\gameavatar\gameavatar\debug\chumanview.obj
c:\users\vagner\documents\visual studio 2015\projects\gameavatar\gameavatar\debug\cviewelementcube.obj
c:\users\vagner\documents\visual studio 2015\projects\gameavatar\gameavatar\debug\cviewelementsquare.obj
c:\users\vagner\documents\visual studio 2015\projects\gameavatar\gameavatar\debug\creshandle.obj
c:\users\vagner\documents\visual studio 2015\projects\gameavatar\gameavatar\debug\zipfile.obj
c:\users\vagner\documents\visual studio 2015\projects\gameavatar\gameavatar\debug\cansistring.obj
c:\users\vagner\documents\visual studio 2015\projects\gameavatar\gameavatar\debug\cmodelmanager.obj
c:\users\vagner\documents\visual studio 2015\projects\gameavatar\gameavatar\debug\csocketholder.obj
c:\users\vagner\documents\visual studio 2015\projects\gameavatar\gameavatar\debug\ctextmanager.obj
c:\users\vagner\documents\visual studio 2015\projects\gameavatar\gameavatar\debug\cthreadholder.obj
c:\users\vagner\documents\visual studio 2015\projects\gameavatar\gameavatar\debug\cwinmutex.obj
c:\users\vagner\documents\visual studio 2015\projects\gameavatar\gameavatar\debug\cwinsocket.obj
c:\users\vagner\documents\visual studio 2015\projects\gameavatar\gameavatar\debug\cwinthread.obj
c:\users\vagner\documents\visual studio 2015\projects\gameavatar\gameavatar\debug\cprocessloadmodel.obj
c:\users\vagner\documents\visual studio 2015\projects\gameavatar\gameavatar\debug\cprocessloadtexture.obj
c:\users\vagner\documents\visual studio 2015\projects\gameavatar\debug\gameavatar.pdb
c:\users\vagner\documents\visual studio 2015\projects\gameavatar\gameavatar\debug\gameavatar.tlog\cl.command.1.tlog
c:\users\vagner\documents\visual studio 2015\projects\gameavatar\gameavatar\debug\gameavatar.tlog\cl.read.1.tlog
c:\users\vagner\documents\visual studio 2015\projects\gameavatar\gameavatar\debug\gameavatar.tlog\cl.write.1.tlog
c:\users\vagner\documents\visual studio 2015\projects\gameavatar\gameavatar\debug\gameavatar.tlog\link.command.1.tlog
c:\users\vagner\documents\visual studio 2015\projects\gameavatar\gameavatar\debug\gameavatar.tlog\link.read.1.tlog
c:\users\vagner\documents\visual studio 2015\projects\gameavatar\gameavatar\debug\gameavatar.tlog\link.write.1.tlog
